C:\USERS\EMRELKS\DESKTOP\EMRAH\ARAC_GOSTERGE_SIMULASYONU\ARAC_GOSTERGE_SIMULASYONU\DEBUG\ARABA.OBJ
C:\USERS\EMRELKS\DESKTOP\EMRAH\ARAC_GOSTERGE_SIMULASYONU\ARAC_GOSTERGE_SIMULASYONU\DEBUG\ARAC_GOSTERGE_SIMULASYONU.EXE.INTERMEDIATE.MANIFEST
C:\USERS\EMRELKS\DESKTOP\EMRAH\ARAC_GOSTERGE_SIMULASYONU\ARAC_GOSTERGE_SIMULASYONU\DEBUG\MAIN.OBJ
C:\USERS\EMRELKS\DESKTOP\EMRAH\ARAC_GOSTERGE_SIMULASYONU\ARAC_GOSTERGE_SIMULASYONU\DEBUG\VC100.PDB
C:\USERS\EMRELKS\DESKTOP\EMRAH\ARAC_GOSTERGE_SIMULASYONU\DEBUG\ARAC_GOSTERGE_SIMULASYONU.EXE
C:\USERS\EMRELKS\DESKTOP\EMRAH\ARAC_GOSTERGE_SIMULASYONU\DEBUG\ARAC_GOSTERGE_SIMULASYONU.ILK
C:\USERS\EMRELKS\DESKTOP\EMRAH\ARAC_GOSTERGE_SIMULASYONU\DEBUG\ARAC_GOSTERGE_SIMULASYONU.PDB
C:\Users\emrelks\Desktop\Prolab Rapor Dosya\Arac_Gosterge_Simulasyonu\Arac_Gosterge_Simulasyonu\Debug\araba.obj
C:\Users\emrelks\Desktop\Prolab Rapor Dosya\Arac_Gosterge_Simulasyonu\Arac_Gosterge_Simulasyonu\Debug\Arac_Gosterge_Simulasyonu.exe.intermediate.manifest
C:\Users\emrelks\Desktop\Prolab Rapor Dosya\Arac_Gosterge_Simulasyonu\Arac_Gosterge_Simulasyonu\Debug\Arac_Gosterge_Simulasyonu.write.1.tlog
C:\Users\emrelks\Desktop\Prolab Rapor Dosya\Arac_Gosterge_Simulasyonu\Arac_Gosterge_Simulasyonu\Debug\cl.command.1.tlog
C:\Users\emrelks\Desktop\Prolab Rapor Dosya\Arac_Gosterge_Simulasyonu\Arac_Gosterge_Simulasyonu\Debug\CL.read.1.tlog
C:\Users\emrelks\Desktop\Prolab Rapor Dosya\Arac_Gosterge_Simulasyonu\Arac_Gosterge_Simulasyonu\Debug\CL.write.1.tlog
C:\Users\emrelks\Desktop\Prolab Rapor Dosya\Arac_Gosterge_Simulasyonu\Arac_Gosterge_Simulasyonu\Debug\link.command.1.tlog
C:\Users\emrelks\Desktop\Prolab Rapor Dosya\Arac_Gosterge_Simulasyonu\Arac_Gosterge_Simulasyonu\Debug\link.read.1.tlog
C:\Users\emrelks\Desktop\Prolab Rapor Dosya\Arac_Gosterge_Simulasyonu\Arac_Gosterge_Simulasyonu\Debug\link.write.1.tlog
C:\Users\emrelks\Desktop\Prolab Rapor Dosya\Arac_Gosterge_Simulasyonu\Arac_Gosterge_Simulasyonu\Debug\main.obj
C:\Users\emrelks\Desktop\Prolab Rapor Dosya\Arac_Gosterge_Simulasyonu\Arac_Gosterge_Simulasyonu\Debug\mt.command.1.tlog
C:\Users\emrelks\Desktop\Prolab Rapor Dosya\Arac_Gosterge_Simulasyonu\Arac_Gosterge_Simulasyonu\Debug\mt.read.1.tlog
C:\Users\emrelks\Desktop\Prolab Rapor Dosya\Arac_Gosterge_Simulasyonu\Arac_Gosterge_Simulasyonu\Debug\mt.write.1.tlog
C:\Users\emrelks\Desktop\Prolab Rapor Dosya\Arac_Gosterge_Simulasyonu\Arac_Gosterge_Simulasyonu\Debug\vc100.idb
C:\Users\emrelks\Desktop\Prolab Rapor Dosya\Arac_Gosterge_Simulasyonu\Arac_Gosterge_Simulasyonu\Debug\vc100.pdb
C:\Users\emrelks\Desktop\Prolab Rapor Dosya\Arac_Gosterge_Simulasyonu\Debug\Arac_Gosterge_Simulasyonu.exe
C:\Users\emrelks\Desktop\Prolab Rapor Dosya\Arac_Gosterge_Simulasyonu\Debug\Arac_Gosterge_Simulasyonu.ilk
C:\Users\emrelks\Desktop\Prolab Rapor Dosya\Arac_Gosterge_Simulasyonu\Debug\Arac_Gosterge_Simulasyonu.pdb
